<?xml version="1.0" encoding="UTF-8" ?>
<testsuite tests="5" failures="0" name="cn.vport.training.DaoTest" time="0.437" errors="1" skipped="0">
  <properties>
[...]
</properties>
  <testcase classname="cn.vport.training.DaoTest" name="savePlan" time="0.216"/>
  <testcase classname="cn.vport.training.DaoTest" name="saveTrainingContent" time="0.001"/>
  <testcase classname="cn.vport.training.DaoTest" name="find" time="0.173">
    <error message="failed to lazily initialize a collection of role: cn.vport.domain.training.TrainingPlan.physicalPlans, could not initialize proxy - no Session" type="org.hibernate.LazyInitializationException">org.hibernate.LazyInitializationException: failed to lazily initialize a collection of role: cn.vport.domain.training.TrainingPlan.physicalPlans, could not initialize proxy - no Session
	at org.hibernate.collection.internal.AbstractPersistentCollection.throwLazyInitializationException(AbstractPersistentCollection.java:563)
	at org.hibernate.collection.internal.AbstractPersistentCollection.withTemporarySessionIfNeeded(AbstractPersistentCollection.java:205)
	at org.hibernate.collection.internal.AbstractPersistentCollection.initialize(AbstractPersistentCollection.java:542)
	at org.hibernate.collection.internal.AbstractPersistentCollection.read(AbstractPersistentCollection.java:133)
	at org.hibernate.collection.internal.PersistentSet.iterator(PersistentSet.java:163)
	at cn.vport.training.DaoTest.find(DaoTest.java:93)
	at sun.reflect.NativeMethodAccessorImpl.invoke0(Native Method)
	at sun.reflect.NativeMethodAccessorImpl.invoke(NativeMethodAccessorImpl.java:62)
	at sun.reflect.DelegatingMethodAccessorImpl.invoke(DelegatingMethodAccessorImpl.java:43)
	at java.lang.reflect.Method.invoke(Method.java:498)
	at org.junit.runners.model.FrameworkMethod$1.runReflectiveCall(FrameworkMethod.java:47)
	at org.junit.internal.runners.model.ReflectiveCallable.run(ReflectiveCallable.java:12)
	at org.junit.runners.model.FrameworkMethod.invokeExplosively(FrameworkMethod.java:44)
	at org.junit.internal.runners.statements.InvokeMethod.evaluate(InvokeMethod.java:17)
	at org.springframework.test.context.junit4.statements.RunBeforeTestMethodCallbacks.evaluate(RunBeforeTestMethodCallbacks.java:75)
	at org.springframework.test.context.junit4.statements.RunAfterTestMethodCallbacks.evaluate(RunAfterTestMethodCallbacks.java:86)
	at org.springframework.test.context.junit4.statements.SpringRepeat.evaluate(SpringRepeat.java:84)
	at org.junit.runners.ParentRunner.runLeaf(ParentRunner.java:271)
	at org.springframework.test.context.junit4.SpringJUnit4ClassRunner.runChild(SpringJUnit4ClassRunner.java:254)
	at org.springframework.test.context.junit4.SpringJUnit4ClassRunner.runChild(SpringJUnit4ClassRunner.java:89)
	at org.junit.runners.ParentRunner$3.run(ParentRunner.java:238)
	at org.junit.runners.ParentRunner$1.schedule(ParentRunner.java:63)
	at org.junit.runners.ParentRunner.runChildren(ParentRunner.java:236)
	at org.junit.runners.ParentRunner.access$000(ParentRunner.java:53)
	at org.junit.runners.ParentRunner$2.evaluate(ParentRunner.java:229)
	at org.springframework.test.context.junit4.statements.RunBeforeTestClassCallbacks.evaluate(RunBeforeTestClassCallbacks.java:61)
	at org.springframework.test.context.junit4.statements.RunAfterTestClassCallbacks.evaluate(RunAfterTestClassCallbacks.java:70)
	at org.junit.runners.ParentRunner.run(ParentRunner.java:309)
	at org.springframework.test.context.junit4.SpringJUnit4ClassRunner.run(SpringJUnit4ClassRunner.java:193)
	at org.apache.maven.surefire.junit4.JUnit4Provider.execute(JUnit4Provider.java:252)
	at org.apache.maven.surefire.junit4.JUnit4Provider.executeTestSet(JUnit4Provider.java:141)
	at org.apache.maven.surefire.junit4.JUnit4Provider.invoke(JUnit4Provider.java:112)
	at sun.reflect.NativeMethodAccessorImpl.invoke0(Native Method)
	at sun.reflect.NativeMethodAccessorImpl.invoke(NativeMethodAccessorImpl.java:62)
	at sun.reflect.DelegatingMethodAccessorImpl.invoke(DelegatingMethodAccessorImpl.java:43)
	at java.lang.reflect.Method.invoke(Method.java:498)
	at org.apache.maven.surefire.util.ReflectionUtils.invokeMethodWithArray(ReflectionUtils.java:189)
	at org.apache.maven.surefire.booter.ProviderFactory$ProviderProxy.invoke(ProviderFactory.java:165)
	at org.apache.maven.surefire.booter.ProviderFactory.invokeProvider(ProviderFactory.java:85)
	at org.apache.maven.surefire.booter.ForkedBooter.runSuitesInProcess(ForkedBooter.java:115)
	at org.apache.maven.surefire.booter.ForkedBooter.main(ForkedBooter.java:75)
</error>
    <system-out>19:28:22,922  INFO QueryTranslatorFactoryInitiator:47 - HHH000397: Using ASTQueryTranslatorFactory
Hibernate: select trainingpl0_.C_ID as C_ID1_10_, trainingpl0_.C_CREATE_TIME as C_CREATE_TIME2_10_, trainingpl0_.C_STATUS as C_STATUS3_10_, trainingpl0_.C_TRAINING_CLASS_ID as C_TRAINING_CLASS_I7_10_, trainingpl0_.C_TRAINING_DATE as C_TRAINING_DATE4_10_, trainingpl0_.C_TRAINING_LOCATION as C_TRAINING_LOCATIO5_10_, trainingpl0_.C_UPDATE_TIME as C_UPDATE_TIME6_10_ from T_TRAINING_PLAN trainingpl0_
Hibernate: select trainingcl0_.C_ID as C_ID1_8_0_, trainingcl0_.C_COURSE_ID as C_COURSE_ID7_8_0_, trainingcl0_.C_DEADLINE as C_DEADLINE2_8_0_, trainingcl0_.C_START_TIME as C_START_TIME3_8_0_, trainingcl0_.C_STATUS as C_STATUS4_8_0_, trainingcl0_.C_TRAINING_FREQUENT as C_TRAINING_FREQUEN5_8_0_, trainingcl0_.C_TRAINING_TIME as C_TRAINING_TIME6_8_0_, course1_.C_ID as C_ID1_3_1_, course1_.C_BEGIN_AGE as C_BEGIN_AGE2_3_1_, course1_.C_COURSE_NAME as C_COURSE_NAME3_3_1_, course1_.C_END_AGE as C_END_AGE4_3_1_, course1_.C_FEE as C_FEE5_3_1_, course1_.C_LEVEL as C_LEVEL6_3_1_, course1_.C_PIC_URL as C_PIC_URL7_3_1_, course1_.C_TRAINING_PERIOD as C_TRAINING_PERIOD8_3_1_ from T_TRAINING_CLASS trainingcl0_ left outer join T_COURSE course1_ on trainingcl0_.C_COURSE_ID=course1_.C_ID where trainingcl0_.C_ID=?
19:28:23,072  INFO StatisticalLoggingSessionEventListener:258 - Session Metrics {
    31570 nanoseconds spent acquiring 1 JDBC connections;
    0 nanoseconds spent releasing 0 JDBC connections;
    168513 nanoseconds spent preparing 2 JDBC statements;
    2291768 nanoseconds spent executing 2 JDBC statements;
    0 nanoseconds spent executing 0 JDBC batches;
    0 nanoseconds spent performing 0 L2C puts;
    0 nanoseconds spent performing 0 L2C hits;
    0 nanoseconds spent performing 0 L2C misses;
    0 nanoseconds spent executing 0 flushes (flushing a total of 0 entities and 0 collections);
    14505 nanoseconds spent executing 1 partial-flushes (flushing a total of 0 entities and 0 collections)
}
</system-out>
  </testcase>
  <testcase classname="cn.vport.training.DaoTest" name="saveClass" time="0.037"/>
  <testcase classname="cn.vport.training.DaoTest" name="saveCourse" time="0.01"/>
</testsuite>